#
# There is insufficient memory for the Java Runtime Environment to continue.
# Native memory allocation (malloc) failed to allocate 32744 bytes. Error detail: Chunk::new
# Possible reasons:
#   The system is out of physical RAM or swap space
#   This process is running with CompressedOops enabled, and the Java Heap may be blocking the growth of the native heap
# Possible solutions:
#   Reduce memory load on the system
#   Increase physical memory or swap space
#   Check if swap backing store is full
#   Decrease Java heap size (-Xmx/-Xms)
#   Decrease number of Java threads
#   Decrease Java thread stack sizes (-Xss)
#   Set larger code cache with -XX:ReservedCodeCacheSize=
#   JVM is running with Unscaled Compressed Oops mode in which the Java heap is
#     placed in the first 4GB address space. The Java Heap base address is the
#     maximum limit for the native heap growth. Please use -XX:HeapBaseMinAddress
#     to set the Java Heap base and to place the Java Heap above 4GB virtual address.
# This output file may be truncated or incomplete.
#
#  Out of Memory Error (arena.cpp:150), pid=21684, tid=15404
#
# JRE version: Java(TM) SE Runtime Environment (22.0.2+9) (build 22.0.2+9-70)
# Java VM: Java HotSpot(TM) 64-Bit Server VM (22.0.2+9-70, mixed mode, sharing, tiered, compressed oops, compressed class ptrs, g1 gc, windows-amd64)
# No core dump will be written. Minidumps are not enabled by default on client versions of Windows
#

---------------  S U M M A R Y ------------

Command Line: com.mycompany.st10270925_nqobile_vumile_mntungwa_assignment_two.KanbanApp

Host: Intel(R) Celeron(R) N4020 CPU @ 1.10GHz, 2 cores, 3G,  Windows 11 , 64 bit Build 22621 (10.0.22621.3958)
Time: Wed Nov 20 20:07:37 2024 South Africa Standard Time elapsed time: 119.771706 seconds (0d 0h 1m 59s)

---------------  T H R E A D  ---------------

Current thread (0x00000139d05ab140):  JavaThread "C1 CompilerThread0" daemon [_thread_in_native, id=15404, stack(0x000000013df00000,0x000000013e000000) (1024K)]


Current CompileTask:
C1:119773 1756       3       javax.swing.JComponent::registerWithKeyboardManager (231 bytes)

Stack: [0x000000013df00000,0x000000013e000000]
Native frames: (J=compiled Java code, j=interpreted, Vv=VM code, C=native code)
V  [jvm.dll+0x6e26e9]  (no source info available)
V  [jvm.dll+0x875753]  (no source info available)
V  [jvm.dll+0x877b7e]  (no source info available)
V  [jvm.dll+0x878253]  (no source info available)
V  [jvm.dll+0x27fc86]  (no source info available)
V  [jvm.dll+0xc3d0f]  (no source info available)
V  [jvm.dll+0xc3f6b]  (no source info available)
V  [jvm.dll+0x13f1ce]  (no source info available)
V  [jvm.dll+0x13e697]  (no source info available)
V  [jvm.dll+0x198440]  (no source info available)
V  [jvm.dll+0x1986f6]  (no source info available)
V  [jvm.dll+0x153e45]  (no source info available)
V  [jvm.dll+0x1535c3]  (no source info available)
V  [jvm.dll+0x1538a0]  (no source info available)
V  [jvm.dll+0x152c1d]  (no source info available)
V  [jvm.dll+0x154add]  (no source info available)
V  [jvm.dll+0x2568f3]  (no source info available)
V  [jvm.dll+0x254baa]  (no source info available)
V  [jvm.dll+0x3f57a6]  (no source info available)
V  [jvm.dll+0x81dc0b]  (no source info available)
V  [jvm.dll+0x6e0d85]  (no source info available)
C  [ucrtbase.dll+0x29333]  (no source info available)
C  [KERNEL32.DLL+0x1257d]  (no source info available)
C  [ntdll.dll+0x5af08]  (no source info available)


---------------  P R O C E S S  ---------------

Threads class SMR info:
_java_thread_list=0x0000013a171a2d20, length=16, elements={
0x00000139b3dd4120, 0x00000139d059e190, 0x00000139d059ee70, 0x00000139d05a0df0,
0x00000139d05a4c70, 0x00000139d05a56d0, 0x00000139d05a6130, 0x00000139d05a8ed0,
0x00000139d05ab140, 0x00000139d0810e30, 0x00000139d08180d0, 0x00000139d09c12f0,
0x00000139d09c43e0, 0x00000139d0a4c480, 0x00000139d0a96ec0, 0x0000013a171bad90
}

Java Threads: ( => current thread )
  0x00000139b3dd4120 JavaThread "main"                              [_thread_in_native, id=19464, stack(0x000000013d000000,0x000000013d100000) (1024K)]
  0x00000139d059e190 JavaThread "Reference Handler"          daemon [_thread_blocked, id=24060, stack(0x000000013d800000,0x000000013d900000) (1024K)]
  0x00000139d059ee70 JavaThread "Finalizer"                  daemon [_thread_blocked, id=11472, stack(0x000000013d900000,0x000000013da00000) (1024K)]
  0x00000139d05a0df0 JavaThread "Signal Dispatcher"          daemon [_thread_blocked, id=15112, stack(0x000000013da00000,0x000000013db00000) (1024K)]
  0x00000139d05a4c70 JavaThread "Attach Listener"            daemon [_thread_blocked, id=18164, stack(0x000000013db00000,0x000000013dc00000) (1024K)]
  0x00000139d05a56d0 JavaThread "Service Thread"             daemon [_thread_blocked, id=9800, stack(0x000000013dc00000,0x000000013dd00000) (1024K)]
  0x00000139d05a6130 JavaThread "Monitor Deflation Thread"   daemon [_thread_blocked, id=8664, stack(0x000000013dd00000,0x000000013de00000) (1024K)]
  0x00000139d05a8ed0 JavaThread "C2 CompilerThread0"         daemon [_thread_blocked, id=3416, stack(0x000000013de00000,0x000000013df00000) (1024K)]
=>0x00000139d05ab140 JavaThread "C1 CompilerThread0"         daemon [_thread_in_native, id=15404, stack(0x000000013df00000,0x000000013e000000) (1024K)]
  0x00000139d0810e30 JavaThread "Notification Thread"        daemon [_thread_blocked, id=25932, stack(0x000000013e000000,0x000000013e100000) (1024K)]
  0x00000139d08180d0 JavaThread "Common-Cleaner"             daemon [_thread_blocked, id=23848, stack(0x000000013e100000,0x000000013e200000) (1024K)]
  0x00000139d09c12f0 JavaThread "Java2D Disposer"            daemon [_thread_blocked, id=4316, stack(0x000000013e200000,0x000000013e300000) (1024K)]
  0x00000139d09c43e0 JavaThread "AWT-Windows"                daemon [_thread_blocked, id=4352, stack(0x000000013e400000,0x000000013e500000) (1024K)]
  0x00000139d0a4c480 JavaThread "AWT-Shutdown"                      [_thread_blocked, id=564, stack(0x000000013e300000,0x000000013e400000) (1024K)]
  0x00000139d0a96ec0 JavaThread "AWT-EventQueue-0"                  [_thread_in_vm, id=25476, stack(0x000000013e600000,0x000000013e700000) (1024K)]
  0x0000013a171bad90 JavaThread "TimerQueue"                 daemon [_thread_blocked, id=21564, stack(0x000000013e900000,0x000000013ea00000) (1024K)]
Total: 16

Other Threads:
  0x00000139b5f81e40 VMThread "VM Thread"                           [id=7180, stack(0x000000013d700000,0x000000013d800000) (1024K)] _threads_hazard_ptr=0x0000013a171a2d20
  0x00000139d058db20 WatcherThread "VM Periodic Task Thread"        [id=7980, stack(0x000000013d600000,0x000000013d700000) (1024K)]
  0x00000139b5f035e0 WorkerThread "GC Thread#0"                     [id=24096, stack(0x000000013d100000,0x000000013d200000) (1024K)]
  0x00000139d063a330 WorkerThread "GC Thread#1"                     [id=26164, stack(0x000000013ea00000,0x000000013eb00000) (1024K)]
  0x00000139b5f0c050 ConcurrentGCThread "G1 Main Marker"            [id=22952, stack(0x000000013d200000,0x000000013d300000) (1024K)]
  0x00000139b5f0cd10 WorkerThread "G1 Conc#0"                       [id=15988, stack(0x000000013d300000,0x000000013d400000) (1024K)]
  0x00000139b5f5ab90 ConcurrentGCThread "G1 Refine#0"               [id=25332, stack(0x000000013d400000,0x000000013d500000) (1024K)]
  0x00000139b5f5b8c0 ConcurrentGCThread "G1 Service"                [id=25860, stack(0x000000013d500000,0x000000013d600000) (1024K)]
Total: 8

Threads with active compile tasks:
C1 CompilerThread0  120776 1756       3       javax.swing.JComponent::registerWithKeyboardManager (231 bytes)
Total: 1

VM state: synchronizing (normal execution)

VM Mutex/Monitor currently owned by a thread:  ([mutex/lock_event])
[0x00007ff99391cb80] Threads_lock - owner thread: 0x00000139b5f81e40

Heap address: 0x00000000c2c00000, size: 980 MB, Compressed Oops mode: 32-bit

CDS archive(s) mapped at: [0x00000139d1000000-0x00000139d1c60000-0x00000139d1c60000), size 12976128, SharedBaseAddress: 0x00000139d1000000, ArchiveRelocationMode: 1.
Compressed class space mapped at: 0x00000139d2000000-0x0000013a12000000, reserved size: 1073741824
Narrow klass base: 0x00000139d1000000, Narrow klass shift: 0, Narrow klass range: 0x41000000

GC Precious Log:
 CardTable entry size: 512
 Card Set container configuration: InlinePtr #cards 5 size 8 Array Of Cards #cards 12 size 40 Howl #buckets 4 coarsen threshold 1843 Howl Bitmap #cards 512 size 80 coarsen threshold 460 Card regions per heap region 1 cards per card region 2048
 CPUs: 2 total, 2 available
 Memory: 3914M
 Large Page Support: Disabled
 NUMA Support: Disabled
 Compressed Oops: Enabled (32-bit)
 Heap Region Size: 1M
 Heap Min Capacity: 8M
 Heap Initial Capacity: 62M
 Heap Max Capacity: 980M
 Pre-touch: Disabled
 Parallel Workers: 2
 Concurrent Workers: 1
 Concurrent Refinement Workers: 2
 Periodic GC: Disabled

Heap:
 garbage-first heap   total reserved 1003520K, committed 63488K, used 4352K [0x00000000c2c00000, 0x0000000100000000)
  region size 1024K, 4 young (4096K), 1 survivors (1024K)
 Metaspace       used 9212K, committed 9408K, reserved 1114112K
  class space    used 992K, committed 1088K, reserved 1048576K

Heap Regions: E=young(eden), S=young(survivor), O=old, HS=humongous(starts), HC=humongous(continues), CS=collection set, F=free, TAMS=top-at-mark-start, PB=parsable bottom
|   0|0x00000000c2c00000, 0x00000000c2d00000, 0x00000000c2d00000|100%| O|  |TAMS 0x00000000c2c00000| PB 0x00000000c2c00000| Untracked |  0
|   1|0x00000000c2d00000, 0x00000000c2d40000, 0x00000000c2e00000| 25%| O|  |TAMS 0x00000000c2d00000| PB 0x00000000c2d00000| Untracked |  0
|   2|0x00000000c2e00000, 0x00000000c2e00000, 0x00000000c2f00000|  0%| F|  |TAMS 0x00000000c2e00000| PB 0x00000000c2e00000| Untracked |  0
|   3|0x00000000c2f00000, 0x00000000c2f00000, 0x00000000c3000000|  0%| F|  |TAMS 0x00000000c2f00000| PB 0x00000000c2f00000| Untracked |  0
|   4|0x00000000c3000000, 0x00000000c3000000, 0x00000000c3100000|  0%| F|  |TAMS 0x00000000c3000000| PB 0x00000000c3000000| Untracked |  0
|   5|0x00000000c3100000, 0x00000000c3100000, 0x00000000c3200000|  0%| F|  |TAMS 0x00000000c3100000| PB 0x00000000c3100000| Untracked |  0
|   6|0x00000000c3200000, 0x00000000c3200000, 0x00000000c3300000|  0%| F|  |TAMS 0x00000000c3200000| PB 0x00000000c3200000| Untracked |  0
|   7|0x00000000c3300000, 0x00000000c3300000, 0x00000000c3400000|  0%| F|  |TAMS 0x00000000c3300000| PB 0x00000000c3300000| Untracked |  0
|   8|0x00000000c3400000, 0x00000000c3400000, 0x00000000c3500000|  0%| F|  |TAMS 0x00000000c3400000| PB 0x00000000c3400000| Untracked |  0
|   9|0x00000000c3500000, 0x00000000c3500000, 0x00000000c3600000|  0%| F|  |TAMS 0x00000000c3500000| PB 0x00000000c3500000| Untracked |  0
|  10|0x00000000c3600000, 0x00000000c3600000, 0x00000000c3700000|  0%| F|  |TAMS 0x00000000c3600000| PB 0x00000000c3600000| Untracked |  0
|  11|0x00000000c3700000, 0x00000000c3700000, 0x00000000c3800000|  0%| F|  |TAMS 0x00000000c3700000| PB 0x00000000c3700000| Untracked |  0
|  12|0x00000000c3800000, 0x00000000c3800000, 0x00000000c3900000|  0%| F|  |TAMS 0x00000000c3800000| PB 0x00000000c3800000| Untracked |  0
|  13|0x00000000c3900000, 0x00000000c3900000, 0x00000000c3a00000|  0%| F|  |TAMS 0x00000000c3900000| PB 0x00000000c3900000| Untracked |  0
|  14|0x00000000c3a00000, 0x00000000c3a00000, 0x00000000c3b00000|  0%| F|  |TAMS 0x00000000c3a00000| PB 0x00000000c3a00000| Untracked |  0
|  15|0x00000000c3b00000, 0x00000000c3b00000, 0x00000000c3c00000|  0%| F|  |TAMS 0x00000000c3b00000| PB 0x00000000c3b00000| Untracked |  0
|  16|0x00000000c3c00000, 0x00000000c3c00000, 0x00000000c3d00000|  0%| F|  |TAMS 0x00000000c3c00000| PB 0x00000000c3c00000| Untracked |  0
|  17|0x00000000c3d00000, 0x00000000c3d00000, 0x00000000c3e00000|  0%| F|  |TAMS 0x00000000c3d00000| PB 0x00000000c3d00000| Untracked |  0
|  18|0x00000000c3e00000, 0x00000000c3e00000, 0x00000000c3f00000|  0%| F|  |TAMS 0x00000000c3e00000| PB 0x00000000c3e00000| Untracked |  0
|  19|0x00000000c3f00000, 0x00000000c3f00000, 0x00000000c4000000|  0%| F|  |TAMS 0x00000000c3f00000| PB 0x00000000c3f00000| Untracked |  0
|  20|0x00000000c4000000, 0x00000000c4000000, 0x00000000c4100000|  0%| F|  |TAMS 0x00000000c4000000| PB 0x00000000c4000000| Untracked |  0
|  21|0x00000000c4100000, 0x00000000c4100000, 0x00000000c4200000|  0%| F|  |TAMS 0x00000000c4100000| PB 0x00000000c4100000| Untracked |  0
|  22|0x00000000c4200000, 0x00000000c4200000, 0x00000000c4300000|  0%| F|  |TAMS 0x00000000c4200000| PB 0x00000000c4200000| Untracked |  0
|  23|0x00000000c4300000, 0x00000000c4300000, 0x00000000c4400000|  0%| F|  |TAMS 0x00000000c4300000| PB 0x00000000c4300000| Untracked |  0
|  24|0x00000000c4400000, 0x00000000c4400000, 0x00000000c4500000|  0%| F|  |TAMS 0x00000000c4400000| PB 0x00000000c4400000| Untracked |  0
|  25|0x00000000c4500000, 0x00000000c4500000, 0x00000000c4600000|  0%| F|  |TAMS 0x00000000c4500000| PB 0x00000000c4500000| Untracked |  0
|  26|0x00000000c4600000, 0x00000000c4600000, 0x00000000c4700000|  0%| F|  |TAMS 0x00000000c4600000| PB 0x00000000c4600000| Untracked |  0
|  27|0x00000000c4700000, 0x00000000c4700000, 0x00000000c4800000|  0%| F|  |TAMS 0x00000000c4700000| PB 0x00000000c4700000| Untracked |  0
|  28|0x00000000c4800000, 0x00000000c4800000, 0x00000000c4900000|  0%| F|  |TAMS 0x00000000c4800000| PB 0x00000000c4800000| Untracked |  0
|  29|0x00000000c4900000, 0x00000000c4900000, 0x00000000c4a00000|  0%| F|  |TAMS 0x00000000c4900000| PB 0x00000000c4900000| Untracked |  0
|  30|0x00000000c4a00000, 0x00000000c4a00000, 0x00000000c4b00000|  0%| F|  |TAMS 0x00000000c4a00000| PB 0x00000000c4a00000| Untracked |  0
|  31|0x00000000c4b00000, 0x00000000c4b00000, 0x00000000c4c00000|  0%| F|  |TAMS 0x00000000c4b00000| PB 0x00000000c4b00000| Untracked |  0
|  32|0x00000000c4c00000, 0x00000000c4c00000, 0x00000000c4d00000|  0%| F|  |TAMS 0x00000000c4c00000| PB 0x00000000c4c00000| Untracked |  0
|  33|0x00000000c4d00000, 0x00000000c4d00000, 0x00000000c4e00000|  0%| F|  |TAMS 0x00000000c4d00000| PB 0x00000000c4d00000| Untracked |  0
|  34|0x00000000c4e00000, 0x00000000c4e00000, 0x00000000c4f00000|  0%| F|  |TAMS 0x00000000c4e00000| PB 0x00000000c4e00000| Untracked |  0
|  35|0x00000000c4f00000, 0x00000000c4f00000, 0x00000000c5000000|  0%| F|  |TAMS 0x00000000c4f00000| PB 0x00000000c4f00000| Untracked |  0
|  36|0x00000000c5000000, 0x00000000c5000000, 0x00000000c5100000|  0%| F|  |TAMS 0x00000000c5000000| PB 0x00000000c5000000| Untracked |  0
|  37|0x00000000c5100000, 0x00000000c5100000, 0x00000000c5200000|  0%| F|  |TAMS 0x00000000c5100000| PB 0x00000000c5100000| Untracked |  0
|  38|0x00000000c5200000, 0x00000000c5200000, 0x00000000c5300000|  0%| F|  |TAMS 0x00000000c5200000| PB 0x00000000c5200000| Untracked |  0
|  39|0x00000000c5300000, 0x00000000c5300000, 0x00000000c5400000|  0%| F|  |TAMS 0x00000000c5300000| PB 0x00000000c5300000| Untracked |  0
|  40|0x00000000c5400000, 0x00000000c5400000, 0x00000000c5500000|  0%| F|  |TAMS 0x00000000c5400000| PB 0x00000000c5400000| Untracked |  0
|  41|0x00000000c5500000, 0x00000000c5500000, 0x00000000c5600000|  0%| F|  |TAMS 0x00000000c5500000| PB 0x00000000c5500000| Untracked |  0
|  42|0x00000000c5600000, 0x00000000c5600000, 0x00000000c5700000|  0%| F|  |TAMS 0x00000000c5600000| PB 0x00000000c5600000| Untracked |  0
|  43|0x00000000c5700000, 0x00000000c5700000, 0x00000000c5800000|  0%| F|  |TAMS 0x00000000c5700000| PB 0x00000000c5700000| Untracked |  0
|  44|0x00000000c5800000, 0x00000000c5800000, 0x00000000c5900000|  0%| F|  |TAMS 0x00000000c5800000| PB 0x00000000c5800000| Untracked |  0
|  45|0x00000000c5900000, 0x00000000c5900000, 0x00000000c5a00000|  0%| F|  |TAMS 0x00000000c5900000| PB 0x00000000c5900000| Untracked |  0
|  46|0x00000000c5a00000, 0x00000000c5a00000, 0x00000000c5b00000|  0%| F|  |TAMS 0x00000000c5a00000| PB 0x00000000c5a00000| Untracked |  0
|  47|0x00000000c5b00000, 0x00000000c5b00000, 0x00000000c5c00000|  0%| F|  |TAMS 0x00000000c5b00000| PB 0x00000000c5b00000| Untracked |  0
|  48|0x00000000c5c00000, 0x00000000c5c00000, 0x00000000c5d00000|  0%| F|  |TAMS 0x00000000c5c00000| PB 0x00000000c5c00000| Untracked |  0
|  49|0x00000000c5d00000, 0x00000000c5d00000, 0x00000000c5e00000|  0%| F|  |TAMS 0x00000000c5d00000| PB 0x00000000c5d00000| Untracked |  0
|  50|0x00000000c5e00000, 0x00000000c5e00000, 0x00000000c5f00000|  0%| F|  |TAMS 0x00000000c5e00000| PB 0x00000000c5e00000| Untracked |  0
|  51|0x00000000c5f00000, 0x00000000c5f00000, 0x00000000c6000000|  0%| F|  |TAMS 0x00000000c5f00000| PB 0x00000000c5f00000| Untracked |  0
|  52|0x00000000c6000000, 0x00000000c6000000, 0x00000000c6100000|  0%| F|  |TAMS 0x00000000c6000000| PB 0x00000000c6000000| Untracked |  0
|  53|0x00000000c6100000, 0x00000000c6100000, 0x00000000c6200000|  0%| F|  |TAMS 0x00000000c6100000| PB 0x00000000c6100000| Untracked |  0
|  54|0x00000000c6200000, 0x00000000c6300000, 0x00000000c6300000|100%| S|CS|TAMS 0x00000000c6200000| PB 0x00000000c6200000| Complete |  0
|  55|0x00000000c6300000, 0x00000000c6300000, 0x00000000c6400000|  0%| F|  |TAMS 0x00000000c6300000| PB 0x00000000c6300000| Untracked |  0
|  56|0x00000000c6400000, 0x00000000c6400000, 0x00000000c6500000|  0%| F|  |TAMS 0x00000000c6400000| PB 0x00000000c6400000| Untracked |  0
|  57|0x00000000c6500000, 0x00000000c6500000, 0x00000000c6600000|  0%| F|  |TAMS 0x00000000c6500000| PB 0x00000000c6500000| Untracked |  0
|  58|0x00000000c6600000, 0x00000000c6600000, 0x00000000c6700000|  0%| F|  |TAMS 0x00000000c6600000| PB 0x00000000c6600000| Untracked |  0
|  59|0x00000000c6700000, 0x00000000c67b16d8, 0x00000000c6800000| 69%| E|  |TAMS 0x00000000c6700000| PB 0x00000000c6700000| Complete |  0
|  60|0x00000000c6800000, 0x00000000c6900000, 0x00000000c6900000|100%| E|CS|TAMS 0x00000000c6800000| PB 0x00000000c6800000| Complete |  0
|  61|0x00000000c6900000, 0x00000000c6a00000, 0x00000000c6a00000|100%| E|CS|TAMS 0x00000000c6900000| PB 0x00000000c6900000| Complete |  0

Card table byte_map: [0x00000139cd220000,0x00000139cd410000] _byte_map_base: 0x00000139ccc0a000

Marking Bits: (CMBitMap*) 0x00000139b5f03cf0
 Bits: [0x00000139cd410000, 0x00000139ce360000)

Polling page: 0x00000139b5690000

Metaspace:

Usage:
  Non-class:      8.03 MB used.
      Class:    992.98 KB used.
       Both:      9.00 MB used.

Virtual space:
  Non-class space:       64.00 MB reserved,       8.12 MB ( 13%) committed,  1 nodes.
      Class space:        1.00 GB reserved,       1.06 MB ( <1%) committed,  1 nodes.
             Both:        1.06 GB reserved,       9.19 MB ( <1%) committed. 

Chunk freelists:
   Non-Class:  7.00 MB
       Class:  14.98 MB
        Both:  21.98 MB

MaxMetaspaceSize: unlimited
CompressedClassSpaceSize: 1.00 GB
Initial GC threshold: 21.00 MB
Current GC threshold: 21.00 MB
CDS: on
 - commit_granule_bytes: 65536.
 - commit_granule_words: 8192.
 - virtual_space_node_default_size: 8388608.
 - enlarge_chunks_in_place: 1.
 - use_allocation_guard: 0.


Internal statistics:

num_allocs_failed_limit: 0.
num_arena_births: 160.
num_arena_deaths: 0.
num_vsnodes_births: 2.
num_vsnodes_deaths: 0.
num_space_committed: 147.
num_space_uncommitted: 0.
num_chunks_returned_to_freelist: 0.
num_chunks_taken_from_freelist: 206.
num_chunk_merges: 0.
num_chunk_splits: 121.
num_chunks_enlarged: 49.
num_inconsistent_stats: 0.

CodeHeap 'non-profiled nmethods': size=120064Kb used=463Kb max_used=463Kb free=119600Kb
 bounds [0x00000139c5ce0000, 0x00000139c5f50000, 0x00000139cd220000]
CodeHeap 'profiled nmethods': size=120000Kb used=3261Kb max_used=3261Kb free=116738Kb
 bounds [0x00000139be220000, 0x00000139be550000, 0x00000139c5750000]
CodeHeap 'non-nmethods': size=5696Kb used=1573Kb max_used=1591Kb free=4122Kb
 bounds [0x00000139c5750000, 0x00000139c59c0000, 0x00000139c5ce0000]
 total_blobs=2380 nmethods=1753 adapters=531
 compilation: enabled
              stopped_count=0, restarted_count=0
 full_count=0

Compilation events (20 events):
Event: 114.403 Thread 0x00000139d05ab140 nmethod 1746 0x00000139be549290 code [0x00000139be549440, 0x00000139be549610]
Event: 114.403 Thread 0x00000139d05ab140 1747       3       java.awt.Component::firePropertyChange (26 bytes)
Event: 114.403 Thread 0x00000139d05ab140 nmethod 1747 0x00000139be549690 code [0x00000139be549860, 0x00000139be549c50]
Event: 114.407 Thread 0x00000139d05ab140 1748       3       java.beans.PropertyChangeSupport$PropertyChangeListenerMap::newArray (6 bytes)
Event: 114.408 Thread 0x00000139d05ab140 nmethod 1748 0x00000139be549d90 code [0x00000139be549f40, 0x00000139be54a1b0]
Event: 114.409 Thread 0x00000139d05ab140 1749       3       javax.swing.LookAndFeel::installColors (52 bytes)
Event: 114.411 Thread 0x00000139d05ab140 nmethod 1749 0x00000139be54a290 code [0x00000139be54a560, 0x00000139be54b878]
Event: 114.413 Thread 0x00000139d05ab140 1750       3       javax.swing.plaf.basic.BasicHTML::isHTMLString (49 bytes)
Event: 114.414 Thread 0x00000139d05ab140 nmethod 1750 0x00000139be54bd10 code [0x00000139be54bfa0, 0x00000139be54cbc8]
Event: 114.418 Thread 0x00000139d05ab140 1751  s    3       java.beans.ChangeListenerMap::add (88 bytes)
Event: 114.419 Thread 0x00000139d05ab140 nmethod 1751 0x00000139be54d090 code [0x00000139be54d2c0, 0x00000139be54df00]
Event: 114.420 Thread 0x00000139d05ab140 1752       3       java.awt.Container::addPropertyChangeListener (6 bytes)
Event: 114.420 Thread 0x00000139d05ab140 nmethod 1752 0x00000139be54e210 code [0x00000139be54e3c0, 0x00000139be54e500]
Event: 114.423 Thread 0x00000139d05ab140 1753       3       java.beans.PropertyChangeSupport::addPropertyChangeListener (45 bytes)
Event: 114.425 Thread 0x00000139d05ab140 nmethod 1753 0x00000139be54e590 code [0x00000139be54e7a0, 0x00000139be54eeb8]
Event: 114.427 Thread 0x00000139d05a8ed0 1754   !   4       java.awt.Component::firePropertyChange (59 bytes)
Event: 114.431 Thread 0x00000139d05ab140 1755       3       javax.swing.KeyboardManager$ComponentKeyStrokePair::hashCode (16 bytes)
Event: 114.432 Thread 0x00000139d05ab140 nmethod 1755 0x00000139be54f010 code [0x00000139be54f1c0, 0x00000139be54f480]
Event: 114.473 Thread 0x00000139d05a8ed0 nmethod 1754 0x00000139c5d51d10 code [0x00000139c5d51f80, 0x00000139c5d53270]
Event: 119.556 Thread 0x00000139d05ab140 1756       3       javax.swing.JComponent::registerWithKeyboardManager (231 bytes)

GC Heap History (2 events):
Event: 55.804 GC heap before
{Heap before GC invocations=0 (full 0):
 garbage-first heap   total reserved 1003520K, committed 63488K, used 7168K [0x00000000c2c00000, 0x0000000100000000)
  region size 1024K, 7 young (7168K), 0 survivors (0K)
 Metaspace       used 8696K, committed 8896K, reserved 1114112K
  class space    used 986K, committed 1088K, reserved 1048576K
}
Event: 55.927 GC heap after
{Heap after GC invocations=1 (full 0):
 garbage-first heap   total reserved 1003520K, committed 63488K, used 2304K [0x00000000c2c00000, 0x0000000100000000)
  region size 1024K, 1 young (1024K), 1 survivors (1024K)
 Metaspace       used 8696K, committed 8896K, reserved 1114112K
  class space    used 986K, committed 1088K, reserved 1048576K
}

Dll operation events (9 events):
Event: 0.802 Loaded shared library C:\Program Files\Java\jdk-22\bin\java.dll
Event: 1.253 Loaded shared library C:\Program Files\Java\jdk-22\bin\jsvml.dll
Event: 1.411 Loaded shared library C:\Program Files\Java\jdk-22\bin\jimage.dll
Event: 1.765 Loaded shared library C:\Program Files\Java\jdk-22\bin\awt.dll
Event: 3.459 Loaded shared library C:\Program Files\Java\jdk-22\bin\zip.dll
Event: 3.659 Loaded shared library C:\Program Files\Java\jdk-22\bin\freetype.dll
Event: 3.667 Loaded shared library C:\Program Files\Java\jdk-22\bin\fontmanager.dll
Event: 5.417 Loaded shared library C:\Program Files\Java\jdk-22\bin\net.dll
Event: 5.427 Loaded shared library C:\Program Files\Java\jdk-22\bin\nio.dll

Deoptimization events (20 events):
Event: 19.940 Thread 0x00000139d0a96ec0 Uncommon trap: trap_request=0xffffffde fr.pc=0x00000139c5d009b8 relative=0x0000000000000198
Event: 19.940 Thread 0x00000139d0a96ec0 Uncommon trap: reason=class_check action=maybe_recompile pc=0x00000139c5d009b8 method=java.lang.String.equals(Ljava/lang/Object;)Z @ 8 c2
Event: 19.940 Thread 0x00000139d0a96ec0 DEOPT PACKING pc=0x00000139c5d009b8 sp=0x000000013e6fd970
Event: 19.940 Thread 0x00000139d0a96ec0 DEOPT UNPACKING pc=0x00000139c57a469c sp=0x000000013e6fd908 mode 2
Event: 19.940 Thread 0x00000139d0a96ec0 Uncommon trap: trap_request=0xffffffde fr.pc=0x00000139c5d009b8 relative=0x0000000000000198
Event: 19.940 Thread 0x00000139d0a96ec0 Uncommon trap: reason=class_check action=maybe_recompile pc=0x00000139c5d009b8 method=java.lang.String.equals(Ljava/lang/Object;)Z @ 8 c2
Event: 19.940 Thread 0x00000139d0a96ec0 DEOPT PACKING pc=0x00000139c5d009b8 sp=0x000000013e6fd970
Event: 19.940 Thread 0x00000139d0a96ec0 DEOPT UNPACKING pc=0x00000139c57a469c sp=0x000000013e6fd908 mode 2
Event: 19.958 Thread 0x00000139d0a96ec0 Uncommon trap: trap_request=0xffffffde fr.pc=0x00000139c5d009b8 relative=0x0000000000000198
Event: 19.958 Thread 0x00000139d0a96ec0 Uncommon trap: reason=class_check action=maybe_recompile pc=0x00000139c5d009b8 method=java.lang.String.equals(Ljava/lang/Object;)Z @ 8 c2
Event: 19.958 Thread 0x00000139d0a96ec0 DEOPT PACKING pc=0x00000139c5d009b8 sp=0x000000013e6fd970
Event: 19.958 Thread 0x00000139d0a96ec0 DEOPT UNPACKING pc=0x00000139c57a469c sp=0x000000013e6fd908 mode 2
Event: 19.958 Thread 0x00000139d0a96ec0 Uncommon trap: trap_request=0xffffffde fr.pc=0x00000139c5d009b8 relative=0x0000000000000198
Event: 19.958 Thread 0x00000139d0a96ec0 Uncommon trap: reason=class_check action=maybe_recompile pc=0x00000139c5d009b8 method=java.lang.String.equals(Ljava/lang/Object;)Z @ 8 c2
Event: 19.958 Thread 0x00000139d0a96ec0 DEOPT PACKING pc=0x00000139c5d009b8 sp=0x000000013e6fd970
Event: 19.958 Thread 0x00000139d0a96ec0 DEOPT UNPACKING pc=0x00000139c57a469c sp=0x000000013e6fd908 mode 2
Event: 64.444 Thread 0x00000139d0a96ec0 Uncommon trap: trap_request=0xffffff45 fr.pc=0x00000139c5d2b238 relative=0x0000000000000098
Event: 64.445 Thread 0x00000139d0a96ec0 Uncommon trap: reason=unstable_if action=reinterpret pc=0x00000139c5d2b238 method=java.awt.Component.inside(II)Z @ 1 c2
Event: 64.445 Thread 0x00000139d0a96ec0 DEOPT PACKING pc=0x00000139c5d2b238 sp=0x000000013e6fdd80
Event: 64.445 Thread 0x00000139d0a96ec0 DEOPT UNPACKING pc=0x00000139c57a469c sp=0x000000013e6fdc10 mode 2

Classes loaded (20 events):
Event: 26.123 Loading class java/awt/KeyboardFocusManager$2
Event: 26.123 Loading class java/awt/KeyboardFocusManager$2 done
Event: 26.124 Loading class sun/awt/SunToolkit$1
Event: 26.124 Loading class sun/awt/SunToolkit$1 done
Event: 26.379 Loading class java/awt/Window$1DisposeAction
Event: 26.379 Loading class java/awt/Window$1DisposeAction done
Event: 26.379 Loading class java/awt/EventQueue$1AWTInvocationLock
Event: 26.379 Loading class java/awt/LightweightDispatcher$2
Event: 26.379 Loading class java/awt/EventQueue$1AWTInvocationLock done
Event: 26.379 Loading class java/awt/LightweightDispatcher$2 done
Event: 72.538 Loading class java/lang/invoke/MethodHandle$1
Event: 72.542 Loading class java/lang/invoke/MethodHandle$1 done
Event: 82.252 Loading class sun/font/StandardGlyphVector
Event: 82.265 Loading class java/awt/font/GlyphVector
Event: 82.273 Loading class java/awt/font/GlyphVector done
Event: 82.273 Loading class sun/font/StandardGlyphVector done
Event: 82.274 Loading class sun/font/FontSubstitution
Event: 82.277 Loading class sun/font/FontSubstitution done
Event: 82.277 Loading class sun/font/StandardGlyphVector$GlyphStrike
Event: 82.278 Loading class sun/font/StandardGlyphVector$GlyphStrike done

Classes unloaded (0 events):
No events

Classes redefined (0 events):
No events

Internal exceptions (14 events):
Event: 1.554 Thread 0x00000139b3dd4120 Exception <a 'java/lang/ClassNotFoundException'{0x00000000c682c960}: sun/awt/resources/spi/awtProvider> (0x00000000c682c960) 
thrown [s\open\src\hotspot\share\classfile\systemDictionary.cpp, line 313]
Event: 1.826 Thread 0x00000139b3dd4120 Exception <a 'java/io/FileNotFoundException'{0x00000000c6885900}> (0x00000000c6885900) 
thrown [s\open\src\hotspot\share\prims\jni.cpp, line 520]
Event: 1.915 Thread 0x00000139b3dd4120 Exception <a 'java/io/FileNotFoundException'{0x00000000c68b40b0}> (0x00000000c68b40b0) 
thrown [s\open\src\hotspot\share\prims\jni.cpp, line 520]
Event: 3.095 Thread 0x00000139b3dd4120 Exception <a 'java/lang/NoSuchMethodError'{0x00000000c677e668}: 'void java.lang.invoke.DirectMethodHandle$Holder.invokeSpecial(java.lang.Object, java.lang.Object, java.lang.Object)'> (0x00000000c677e668) 
thrown [s\open\src\hotspot\share\interpreter\linkResolver.cpp, line 774]
Event: 3.128 Thread 0x00000139b3dd4120 Exception <a 'java/lang/NoSuchMethodError'{0x00000000c67a4b60}: 'java.lang.Object java.lang.invoke.DirectMethodHandle$Holder.newInvokeSpecial(java.lang.Object, java.lang.Object, java.lang.Object, java.lang.Object, java.lang.Object)'> (0x00000000c67a4b60) 
thrown [s\open\src\hotspot\share\interpreter\linkResolver.cpp, line 774]
Event: 3.139 Thread 0x00000139b3dd4120 Exception <a 'java/lang/NoSuchMethodError'{0x00000000c67d1750}: 'java.lang.Object java.lang.invoke.DirectMethodHandle$Holder.invokeStatic(java.lang.Object, int, java.lang.Object)'> (0x00000000c67d1750) 
thrown [s\open\src\hotspot\share\interpreter\linkResolver.cpp, line 774]
Event: 3.273 Thread 0x00000139b3dd4120 Exception <a 'java/lang/ClassNotFoundException'{0x00000000c6676ea0}: com/sun/swing/internal/plaf/metal/resources/spi/metalProvider> (0x00000000c6676ea0) 
thrown [s\open\src\hotspot\share\classfile\systemDictionary.cpp, line 313]
Event: 3.280 Thread 0x00000139b3dd4120 Exception <a 'java/lang/ClassNotFoundException'{0x00000000c667ac30}: com/sun/swing/internal/plaf/basic/resources/spi/basicProvider> (0x00000000c667ac30) 
thrown [s\open\src\hotspot\share\classfile\systemDictionary.cpp, line 313]
Event: 3.467 Thread 0x00000139d0a0e760 Exception <a 'java/lang/NoSuchMethodError'{0x00000000c66bdaa8}: 'java.lang.Object java.lang.invoke.DirectMethodHandle$Holder.newInvokeSpecial(java.lang.Object, java.lang.Object, java.lang.Object, int, int, int, int, int)'> (0x00000000c66bdaa8) 
thrown [s\open\src\hotspot\share\interpreter\linkResolver.cpp, line 774]
Event: 3.622 Thread 0x00000139b3dd4120 Exception <a 'java/lang/NoSuchMethodError'{0x00000000c66acab0}: 'int java.lang.invoke.Invokers$Holder.invokeExact_MT(java.lang.Object, java.lang.Object)'> (0x00000000c66acab0) 
thrown [s\open\src\hotspot\share\interpreter\linkResolver.cpp, line 774]
Event: 8.345 Thread 0x00000139d09c43e0 Exception <a 'java/lang/NoSuchMethodError'{0x00000000c6756340}: 'void java.lang.invoke.DirectMethodHandle$Holder.invokeVirtual(java.lang.Object, java.lang.Object)'> (0x00000000c6756340) 
thrown [s\open\src\hotspot\share\interpreter\linkResolver.cpp, line 774]
Event: 8.407 Thread 0x00000139b3dd4120 Exception <a 'java/lang/NoSuchMethodError'{0x00000000c659d6c0}: 'void java.lang.invoke.DirectMethodHandle$Holder.invokeStaticInit(java.lang.Object)'> (0x00000000c659d6c0) 
thrown [s\open\src\hotspot\share\interpreter\linkResolver.cpp, line 774]
Event: 10.727 Thread 0x00000139b3dd4120 Exception <a 'java/lang/NoSuchMethodError'{0x00000000c65d09a8}: 'void java.lang.invoke.DirectMethodHandle$Holder.invokeStatic(java.lang.Object, java.lang.Object)'> (0x00000000c65d09a8) 
thrown [s\open\src\hotspot\share\interpreter\linkResolver.cpp, line 774]
Event: 10.971 Thread 0x00000139b3dd4120 Exception <a 'java/lang/NoSuchMethodError'{0x00000000c65f0e10}: 'int java.lang.invoke.DirectMethodHandle$Holder.invokeStatic(java.lang.Object)'> (0x00000000c65f0e10) 
thrown [s\open\src\hotspot\share\interpreter\linkResolver.cpp, line 774]

ZGC Phase Switch (0 events):
No events

VM Operations (20 events):
Event: 99.311 Executing VM operation: Cleanup done
Event: 101.311 Executing VM operation: Cleanup
Event: 101.311 Executing VM operation: Cleanup done
Event: 103.312 Executing VM operation: Cleanup
Event: 103.312 Executing VM operation: Cleanup done
Event: 104.313 Executing VM operation: Cleanup
Event: 104.313 Executing VM operation: Cleanup done
Event: 105.313 Executing VM operation: Cleanup
Event: 105.313 Executing VM operation: Cleanup done
Event: 106.314 Executing VM operation: Cleanup
Event: 106.314 Executing VM operation: Cleanup done
Event: 107.314 Executing VM operation: Cleanup
Event: 107.314 Executing VM operation: Cleanup done
Event: 110.316 Executing VM operation: Cleanup
Event: 110.316 Executing VM operation: Cleanup done
Event: 114.323 Executing VM operation: Cleanup
Event: 114.328 Executing VM operation: Cleanup done
Event: 115.348 Executing VM operation: Cleanup
Event: 115.348 Executing VM operation: Cleanup done
Event: 119.592 Executing VM operation: Cleanup

Memory protections (0 events):
No events

Nmethod flushes (0 events):
No events

Events (20 events):
Event: 1.182 Thread 0x00000139b3dd4120 Thread added: 0x00000139d059ee70
Event: 1.184 Thread 0x00000139b3dd4120 Thread added: 0x00000139d05a0df0
Event: 1.184 Thread 0x00000139b3dd4120 Thread added: 0x00000139d05a4c70
Event: 1.184 Thread 0x00000139b3dd4120 Thread added: 0x00000139d05a56d0
Event: 1.184 Thread 0x00000139b3dd4120 Thread added: 0x00000139d05a6130
Event: 1.185 Thread 0x00000139b3dd4120 Thread added: 0x00000139d05a8ed0
Event: 1.193 Thread 0x00000139b3dd4120 Thread added: 0x00000139d05ab140
Event: 1.300 Thread 0x00000139b3dd4120 Thread added: 0x00000139d0810e30
Event: 1.322 Thread 0x00000139b3dd4120 Thread added: 0x00000139d08180d0
Event: 2.796 Thread 0x00000139b3dd4120 Thread added: 0x00000139d09c12f0
Event: 2.816 Thread 0x00000139b3dd4120 Thread added: 0x00000139d09c3b40
Event: 2.887 Thread 0x00000139b3dd4120 Thread added: 0x00000139d09c43e0
Event: 3.420 Thread 0x00000139b3dd4120 Thread added: 0x00000139d0a0e760
Event: 3.991 Thread 0x00000139d09c3b40 Thread exited: 0x00000139d09c3b40
Event: 5.256 Thread 0x00000139d09c43e0 Thread added: 0x00000139d0a4c480
Event: 5.859 Thread 0x00000139b3dd4120 Thread added: 0x00000139d0a96ec0
Event: 8.562 Thread 0x00000139d0a0e760 Thread exited: 0x00000139d0a0e760
Event: 11.171 Thread 0x00000139d0a96ec0 Thread added: 0x0000013a171bad90
Event: 63.885 Thread 0x00000139b3dd4120 Thread added: 0x00000139d0638040
Event: 69.330 Thread 0x00000139d0638040 Thread exited: 0x00000139d0638040


Dynamic libraries:
0x00007ff6ed430000 - 0x00007ff6ed440000 	C:\Program Files\Java\jdk-22\bin\java.exe
0x00007ffa464f0000 - 0x00007ffa46707000 	C:\WINDOWS\SYSTEM32\ntdll.dll
0x00007ffa453e0000 - 0x00007ffa454a4000 	C:\WINDOWS\System32\KERNEL32.DLL
0x00007ffa43ac0000 - 0x00007ffa43e77000 	C:\WINDOWS\System32\KERNELBASE.dll
0x00007ffa412c0000 - 0x00007ffa412db000 	C:\Program Files\Java\jdk-22\bin\VCRUNTIME140.dll
0x00007ffa43970000 - 0x00007ffa43a81000 	C:\WINDOWS\System32\ucrtbase.dll
0x00007ffa41340000 - 0x00007ffa41357000 	C:\Program Files\Java\jdk-22\bin\jli.dll
0x00007ffa44d10000 - 0x00007ffa44ebf000 	C:\WINDOWS\System32\USER32.dll
0x00007ffa43a90000 - 0x00007ffa43ab6000 	C:\WINDOWS\System32\win32u.dll
0x00007ffa442b0000 - 0x00007ffa442d9000 	C:\WINDOWS\System32\GDI32.dll
0x00007ffa43f00000 - 0x00007ffa44018000 	C:\WINDOWS\System32\gdi32full.dll
0x00007ffa44110000 - 0x00007ffa441aa000 	C:\WINDOWS\System32\msvcp_win.dll
0x00007ffa428d0000 - 0x00007ffa42b63000 	C:\WINDOWS\WinSxS\amd64_microsoft.windows.common-controls_6595b64144ccf1df_6.0.22621.3672_none_2713b9d173822955\COMCTL32.dll
0x00007ffa46380000 - 0x00007ffa46427000 	C:\WINDOWS\System32\msvcrt.dll
0x00007ffa452b0000 - 0x00007ffa452e1000 	C:\WINDOWS\System32\IMM32.DLL
0x00007ffa412b0000 - 0x00007ffa412bc000 	C:\Program Files\Java\jdk-22\bin\vcruntime140_1.dll
0x00007ff9fc2b0000 - 0x00007ff9fc33e000 	C:\Program Files\Java\jdk-22\bin\msvcp140.dll
0x00007ff992cb0000 - 0x00007ff9939f9000 	C:\Program Files\Java\jdk-22\bin\server\jvm.dll
0x00007ffa45a50000 - 0x00007ffa45b02000 	C:\WINDOWS\System32\ADVAPI32.dll
0x00007ffa44c60000 - 0x00007ffa44d08000 	C:\WINDOWS\System32\sechost.dll
0x00007ffa44020000 - 0x00007ffa44048000 	C:\WINDOWS\System32\bcrypt.dll
0x00007ffa454b0000 - 0x00007ffa455c4000 	C:\WINDOWS\System32\RPCRT4.dll
0x00007ffa46430000 - 0x00007ffa464a1000 	C:\WINDOWS\System32\WS2_32.dll
0x00007ffa436d0000 - 0x00007ffa4371d000 	C:\WINDOWS\SYSTEM32\POWRPROF.dll
0x00007ffa3bf90000 - 0x00007ffa3bfc4000 	C:\WINDOWS\SYSTEM32\WINMM.dll
0x00007ffa3af40000 - 0x00007ffa3af4a000 	C:\WINDOWS\SYSTEM32\VERSION.dll
0x00007ffa436b0000 - 0x00007ffa436c3000 	C:\WINDOWS\SYSTEM32\UMPDC.dll
0x00007ffa42100000 - 0x00007ffa42118000 	C:\WINDOWS\SYSTEM32\kernel.appcore.dll
0x00007ffa3a640000 - 0x00007ffa3a64a000 	C:\Program Files\Java\jdk-22\bin\jimage.dll
0x00007ffa42e50000 - 0x00007ffa43082000 	C:\WINDOWS\SYSTEM32\DBGHELP.DLL
0x00007ffa44ec0000 - 0x00007ffa4524e000 	C:\WINDOWS\System32\combase.dll
0x00007ffa444b0000 - 0x00007ffa44587000 	C:\WINDOWS\System32\OLEAUT32.dll
0x00007ffa42c90000 - 0x00007ffa42cc2000 	C:\WINDOWS\SYSTEM32\dbgcore.DLL
0x00007ffa43e80000 - 0x00007ffa43efb000 	C:\WINDOWS\System32\bcryptPrimitives.dll
0x00007ffa3d340000 - 0x00007ffa3d35e000 	C:\Program Files\Java\jdk-22\bin\java.dll
0x00007ffa45b10000 - 0x00007ffa46379000 	C:\WINDOWS\System32\SHELL32.dll
0x00007ffa44870000 - 0x00007ffa44a15000 	C:\WINDOWS\System32\ole32.dll
0x00007ffa40850000 - 0x00007ffa4114f000 	C:\WINDOWS\SYSTEM32\windows.storage.dll
0x00007ffa40710000 - 0x00007ffa4084f000 	C:\WINDOWS\SYSTEM32\wintypes.dll
0x00007ffa44a30000 - 0x00007ffa44b29000 	C:\WINDOWS\System32\SHCORE.dll
0x00007ffa44760000 - 0x00007ffa447be000 	C:\WINDOWS\System32\shlwapi.dll
0x00007ffa43730000 - 0x00007ffa43757000 	C:\WINDOWS\SYSTEM32\profapi.dll
0x00007ff9fc680000 - 0x00007ff9fc757000 	C:\Program Files\Java\jdk-22\bin\jsvml.dll
0x00007ff9e2790000 - 0x00007ff9e291e000 	C:\Program Files\Java\jdk-22\bin\awt.dll
0x00007ffa3fa70000 - 0x00007ffa3fb07000 	C:\WINDOWS\SYSTEM32\apphelp.dll
0x00007ffa3ff20000 - 0x00007ffa3ffd1000 	C:\WINDOWS\system32\uxtheme.dll
0x00007ffa44300000 - 0x00007ffa44460000 	C:\WINDOWS\System32\MSCTF.dll
0x00007ffa40190000 - 0x00007ffa401bb000 	C:\WINDOWS\system32\DWMAPI.DLL
0x00007ffa21e10000 - 0x00007ffa21e27000 	C:\Program Files\Java\jdk-22\bin\zip.dll
0x00007ff9fc220000 - 0x00007ff9fc2a7000 	C:\Program Files\Java\jdk-22\bin\freetype.dll
0x00007ff9e3550000 - 0x00007ff9e3627000 	C:\Program Files\Java\jdk-22\bin\fontmanager.dll
0x00007ffa0c450000 - 0x00007ffa0c550000 	C:\WINDOWS\system32\opengl32.dll
0x00007ffa0c5d0000 - 0x00007ffa0c5fd000 	C:\WINDOWS\SYSTEM32\GLU32.dll
0x00007ffa40040000 - 0x00007ffa40077000 	C:\WINDOWS\SYSTEM32\dxcore.dll
0x00007ffa38680000 - 0x00007ffa38690000 	C:\Program Files\Java\jdk-22\bin\net.dll
0x00007ffa42650000 - 0x00007ffa426b9000 	C:\WINDOWS\system32\mswsock.dll
0x00007ffa2cfb0000 - 0x00007ffa2cfc6000 	C:\Program Files\Java\jdk-22\bin\nio.dll
0x00007ffa447c0000 - 0x00007ffa44870000 	C:\WINDOWS\System32\clbcatq.dll
0x00007ffa3fd20000 - 0x00007ffa3fed1000 	C:\WINDOWS\SYSTEM32\WindowsCodecs.dll
0x00007ffa06910000 - 0x00007ffa0696e000 	C:\WINDOWS\system32\dataexchange.dll
0x00007ffa39d00000 - 0x00007ffa39fa2000 	C:\WINDOWS\system32\twinapi.appcore.dll
0x00007ffa302b0000 - 0x00007ffa303f3000 	C:\WINDOWS\SYSTEM32\textinputframework.dll
0x00007ffa3f240000 - 0x00007ffa3f373000 	C:\WINDOWS\SYSTEM32\CoreMessaging.dll
0x00007ffa3b420000 - 0x00007ffa3b78d000 	C:\WINDOWS\SYSTEM32\CoreUIComponents.dll
0x00007ffa42820000 - 0x00007ffa4282c000 	C:\WINDOWS\SYSTEM32\CRYPTBASE.DLL

dbghelp: loaded successfully - version: 4.0.5 - missing functions: none
symbol engine: initialized successfully - sym options: 0x614 - pdb path: .;C:\Program Files\Java\jdk-22\bin;C:\WINDOWS\SYSTEM32;C:\WINDOWS\WinSxS\amd64_microsoft.windows.common-controls_6595b64144ccf1df_6.0.22621.3672_none_2713b9d173822955;C:\Program Files\Java\jdk-22\bin\server

VM Arguments:
java_command: com.mycompany.st10270925_nqobile_vumile_mntungwa_assignment_two.KanbanApp
java_class_path (initial): C:\Users\Nqobi\OneDrive\Documents\NetBeansProjects\ST10270925_Nqobile_Vumile_Mntungwa_Assignment_two\target\classes
Launcher Type: SUN_STANDARD

[Global flags]
     intx CICompilerCount                          = 2                                         {product} {ergonomic}
     uint ConcGCThreads                            = 1                                         {product} {ergonomic}
     uint G1ConcRefinementThreads                  = 2                                         {product} {ergonomic}
   size_t G1HeapRegionSize                         = 1048576                                   {product} {ergonomic}
   size_t InitialHeapSize                          = 65011712                                  {product} {ergonomic}
   size_t MarkStackSize                            = 4194304                                   {product} {ergonomic}
   size_t MaxHeapSize                              = 1027604480                                {product} {ergonomic}
   size_t MaxNewSize                               = 616562688                                 {product} {ergonomic}
   size_t MinHeapDeltaBytes                        = 1048576                                   {product} {ergonomic}
   size_t MinHeapSize                              = 8388608                                   {product} {ergonomic}
    uintx NonNMethodCodeHeapSize                   = 5826188                                {pd product} {ergonomic}
    uintx NonProfiledCodeHeapSize                  = 122916026                              {pd product} {ergonomic}
    uintx ProfiledCodeHeapSize                     = 122916026                              {pd product} {ergonomic}
    uintx ReservedCodeCacheSize                    = 251658240                              {pd product} {ergonomic}
     bool SegmentedCodeCache                       = true                                      {product} {ergonomic}
   size_t SoftMaxHeapSize                          = 1027604480                             {manageable} {ergonomic}
     bool UseCompressedOops                        = true                           {product lp64_product} {ergonomic}
     bool UseG1GC                                  = true                                      {product} {ergonomic}
     bool UseLargePagesIndividualAllocation        = false                                  {pd product} {ergonomic}

Logging:
Log output configuration:
 #0: stdout all=warning uptime,level,tags foldmultilines=false
 #1: stderr all=off uptime,level,tags foldmultilines=false

Environment Variables:
JAVA_HOME=C:\Program Files\Java\jdk-22
PATH=C:\Program Files\Common Files\Oracle\Java\javapath;C:\WINDOWS\system32;C:\WINDOWS;C:\WINDOWS\System32\Wbem;C:\WINDOWS\System32\WindowsPowerShell\v1.0\;C:\WINDOWS\System32\OpenSSH\;C:\Users\Nqobi\AppData\Local\Microsoft\WindowsApps;C:\Users\Nqobi\AppData\Local\Programs\Microsoft VS Code\bin
USERNAME=Nqobi
OS=Windows_NT
PROCESSOR_IDENTIFIER=Intel64 Family 6 Model 122 Stepping 8, GenuineIntel
TMP=C:\Users\Nqobi\AppData\Local\Temp
TEMP=C:\Users\Nqobi\AppData\Local\Temp




Periodic native trim disabled

---------------  S Y S T E M  ---------------

OS:
 Windows 11 , 64 bit Build 22621 (10.0.22621.3958)
OS uptime: 26 days 23:58 hours

CPU: total 2 (initial active 2) (2 cores per cpu, 1 threads per core) family 6 model 122 stepping 8 microcode 0x1c, cx8, cmov, fxsr, mmx, 3dnowpref, sse, sse2, sse3, ssse3, sse4.1, sse4.2, popcnt, tsc, tscinvbit, aes, erms, clmul, sha, clflush, clflushopt, rdtscp, rdpid
Processor Information for all 2 processors :
  Max Mhz: 1101, Current Mhz: 1101, Mhz Limit: 1101

Memory: 4k page, system-wide physical 3914M (147M free)
TotalPageFile size 11210M (AvailPageFile size 0M)
current process WorkingSet (physical memory assigned to process): 48M, peak: 71M
current process commit charge ("private bytes"): 144M, peak: 148M

vm_info: Java HotSpot(TM) 64-Bit Server VM (22.0.2+9-70) for windows-amd64 JRE (22.0.2+9-70), built on 2024-06-04T16:52:23Z by "mach5one" with MS VC++ 17.6 (VS2022)

END.
